<?xml version="1.0" encoding="UTF-8"?>
<testng-results ignored="0" total="2" passed="2" failed="0" skipped="0">
  <reporter-output>
  </reporter-output>
  <suite started-at="2023-08-22T07:58:39 GMT" name="Default suite" finished-at="2023-08-22T07:58:45 GMT" duration-ms="5917">
    <groups>
    </groups>
    <test started-at="2023-08-22T07:58:39 GMT" name="Default test" finished-at="2023-08-22T07:58:45 GMT" duration-ms="5917">
      <class name="testscripts.Search">
        <test-method is-config="true" signature="setUp()[pri:0, instance:testscripts.Search@5f9b2141]" started-at="2023-08-22T07:58:39 GMT" name="setUp" finished-at="2023-08-22T07:58:44 GMT" duration-ms="5110" status="PASS">
          <reporter-output>
          </reporter-output>
        </test-method> <!-- setUp -->
        <test-method signature="searchItem()[pri:0, instance:testscripts.Search@5f9b2141]" started-at="2023-08-22T07:58:44 GMT" name="searchItem" finished-at="2023-08-22T07:58:44 GMT" duration-ms="509" status="PASS">
          <reporter-output>
          </reporter-output>
        </test-method> <!-- searchItem -->
        <test-method signature="addItemToCart()[pri:1, instance:testscripts.Search@5f9b2141]" started-at="2023-08-22T07:58:44 GMT" name="addItemToCart" finished-at="2023-08-22T07:58:45 GMT" duration-ms="256" status="PASS">
          <reporter-output>
          </reporter-output>
        </test-method> <!-- addItemToCart -->
      </class> <!-- testscripts.Search -->
    </test> <!-- Default test -->
  </suite> <!-- Default suite -->
</testng-results>
